Using pre-set license
Built from '2020.3/staging' branch; Version is '2020.3.38f1 (8f5fde82e2dc) revision 9396190'; Using compiler version '192528614'; Build Type 'Release'
OS: 'Windows 10  (10.0.19045) 64bit Core' Language: 'en' Physical Memory: 8119 MB
BatchMode: 1, IsHumanControllingUs: 0, StartBugReporterOnCrash: 0, Is64bit: 1, IsPro: 0

COMMAND LINE ARGUMENTS:
C:\Program Files\Unity\Hub\Editor\2020.3.38f1\Editor\Unity.exe
-adb2
-batchMode
-noUpm
-name
AssetImportWorker0
-projectPath
C:/Users/Elena/Desktop/REPOSITORY/Cyberpunk-Liminal-Space-Dungeon/GameKitLite
-logFile
Logs/AssetImportWorker0.log
-srvPort
61451
Successfully changed project path to: C:/Users/Elena/Desktop/REPOSITORY/Cyberpunk-Liminal-Space-Dungeon/GameKitLite
C:/Users/Elena/Desktop/REPOSITORY/Cyberpunk-Liminal-Space-Dungeon/GameKitLite
Using Asset Import Pipeline V2.
Refreshing native plugins compatible for Editor in 94.71 ms, found 2 plugins.
Preloading 0 native plugins for Editor in 0.00 ms.
Initialize engine version: 2020.3.38f1 (8f5fde82e2dc)
[Subsystems] Discovering subsystems at path C:/Program Files/Unity/Hub/Editor/2020.3.38f1/Editor/Data/Resources/UnitySubsystems
[Subsystems] Discovering subsystems at path C:/Users/Elena/Desktop/REPOSITORY/Cyberpunk-Liminal-Space-Dungeon/GameKitLite/Assets
GfxDevice: creating device client; threaded=0
Direct3D:
    Version:  Direct3D 11.0 [level 11.1]
    Renderer: NVIDIA GeForce GTX 970 (ID=0x13c2)
    Vendor:   
    VRAM:     4043 MB
    Driver:   30.0.14.9649
Initialize mono
Mono path[0] = 'C:/Program Files/Unity/Hub/Editor/2020.3.38f1/Editor/Data/Managed'
Mono path[1] = 'C:/Program Files/Unity/Hub/Editor/2020.3.38f1/Editor/Data/MonoBleedingEdge/lib/mono/unityjit'
Mono config path = 'C:/Program Files/Unity/Hub/Editor/2020.3.38f1/Editor/Data/MonoBleedingEdge/etc'
Using monoOptions --debugger-agent=transport=dt_socket,embedding=1,server=y,suspend=n,address=127.0.0.1:56072
Begin MonoManager ReloadAssembly
Registering precompiled unity dll's ...
Register platform support module: C:/Program Files/Unity/Hub/Editor/2020.3.38f1/Editor/Data/PlaybackEngines/WindowsStandaloneSupport/UnityEditor.WindowsStandalone.Extensions.dll
Registered in 0.003254 seconds.
Native extension for WindowsStandalone target not found
Refreshing native plugins compatible for Editor in 157.56 ms, found 2 plugins.
Preloading 0 native plugins for Editor in 0.00 ms.
Mono: successfully reloaded assembly
- Completed reload, in  1.736 seconds
Domain Reload Profiling:
	ReloadAssembly (1736ms)
		BeginReloadAssembly (123ms)
			ExecutionOrderSort (0ms)
			DisableScriptedObjects (0ms)
			BackupInstance (0ms)
			ReleaseScriptingObjects (0ms)
			CreateAndSetChildDomain (1ms)
		EndReloadAssembly (1229ms)
			LoadAssemblies (119ms)
			RebuildTransferFunctionScriptingTraits (0ms)
			SetupTypeCache (541ms)
			ReleaseScriptCaches (0ms)
			RebuildScriptCaches (47ms)
			SetupLoadedEditorAssemblies (439ms)
				LogAssemblyErrors (0ms)
				InitializePlatformSupportModulesInManaged (8ms)
				SetLoadedEditorAssemblies (0ms)
				RefreshPlugins (158ms)
				BeforeProcessingInitializeOnLoad (12ms)
				ProcessInitializeOnLoadAttributes (187ms)
				ProcessInitializeOnLoadMethodAttributes (73ms)
				AfterProcessingInitializeOnLoad (0ms)
				EditorAssembliesLoaded (0ms)
			ExecutionOrderSort2 (0ms)
			AwakeInstancesAfterBackupRestoration (0ms)
Platform modules already initialized, skipping
Registering precompiled user dll's ...
Registered in 0.015848 seconds.
Begin MonoManager ReloadAssembly
Native extension for WindowsStandalone target not found
Refreshing native plugins compatible for Editor in 1.72 ms, found 2 plugins.
Preloading 0 native plugins for Editor in 0.00 ms.
Mono: successfully reloaded assembly
- Completed reload, in  2.544 seconds
Domain Reload Profiling:
	ReloadAssembly (2546ms)
		BeginReloadAssembly (339ms)
			ExecutionOrderSort (0ms)
			DisableScriptedObjects (12ms)
			BackupInstance (0ms)
			ReleaseScriptingObjects (0ms)
			CreateAndSetChildDomain (38ms)
		EndReloadAssembly (2083ms)
			LoadAssemblies (218ms)
			RebuildTransferFunctionScriptingTraits (0ms)
			SetupTypeCache (652ms)
			ReleaseScriptCaches (1ms)
			RebuildScriptCaches (134ms)
			SetupLoadedEditorAssemblies (931ms)
				LogAssemblyErrors (0ms)
				InitializePlatformSupportModulesInManaged (7ms)
				SetLoadedEditorAssemblies (1ms)
				RefreshPlugins (2ms)
				BeforeProcessingInitializeOnLoad (175ms)
				ProcessInitializeOnLoadAttributes (685ms)
				ProcessInitializeOnLoadMethodAttributes (44ms)
				AfterProcessingInitializeOnLoad (16ms)
				EditorAssembliesLoaded (1ms)
			ExecutionOrderSort2 (0ms)
			AwakeInstancesAfterBackupRestoration (4ms)
Platform modules already initialized, skipping
========================================================================
Worker process is ready to serve import requests
Launched and connected shader compiler UnityShaderCompiler.exe after 0.14 seconds
Refreshing native plugins compatible for Editor in 0.68 ms, found 2 plugins.
Preloading 0 native plugins for Editor in 0.00 ms.
Unloading 2747 Unused Serialized files (Serialized files now loaded: 0)
System memory in use before: 197.4 MB.
System memory in use after: 197.6 MB.

Unloading 26 unused Assets to reduce memory usage. Loaded Objects now: 3194.
Total: 5.468000 ms (FindLiveObjects: 0.564800 ms CreateObjectMapping: 0.318200 ms MarkObjects: 4.397600 ms  DeleteObjects: 0.186100 ms)

AssetImportParameters requested are different than current active one (requested -> active):
  custom:framework-win-MediaFoundation: 216162199b28c13a410421893ffa2e32 -> 
  custom:video-decoder-ogg-theora: a1e56fd34408186e4bbccfd4996cb3dc -> 
  custom:container-muxer-webm: aa71ff27fc2769a1b78a27578f13a17b -> 
  custom:container-demuxer-webm: 4f35f7cbe854078d1ac9338744f61a02 -> 
  custom:container-demuxer-ogg: 62fdf1f143b41e24485cea50d1cbac27 -> 
  custom:video-encoder-webm-vp8: eb34c28f22e8b96e1ab97ce403110664 -> 
  custom:video-decoder-webm-vp8: 9c59270c3fd7afecdb556c50c9e8de78 -> 
  custom:audio-decoder-ogg-vorbis: bf7c407c2cedff20999df2af8eb42d56 -> 
  custom:audio-encoder-webm-vorbis: bf7c407c2cedff20999df2af8eb42d56 -> 
========================================================================
Received Import Request.
  path: Assets/3DGamekitLite/Prefabs/Characters/Enemies/Spitter/Spitter.prefab
  artifactKey: Guid(3ac2dd7eaceaa504dbb1b175fcef06a2) Importer(815301076,1909f56bfc062723c751e8b465ee728b)
Start importing Assets/3DGamekitLite/Prefabs/Characters/Enemies/Spitter/Spitter.prefab using Guid(3ac2dd7eaceaa504dbb1b175fcef06a2) Importer(815301076,1909f56bfc062723c751e8b465ee728b)  -> (artifact id: '96aa5dd93168bc9736654bb21f700d81') in 0.564955 seconds 
========================================================================
Received Prepare
Registering precompiled user dll's ...
Registered in 0.007623 seconds.
Begin MonoManager ReloadAssembly
Native extension for WindowsStandalone target not found
Refreshing native plugins compatible for Editor in 0.91 ms, found 2 plugins.
Preloading 0 native plugins for Editor in 0.00 ms.
Mono: successfully reloaded assembly
- Completed reload, in  1.972 seconds
Domain Reload Profiling:
	ReloadAssembly (1973ms)
		BeginReloadAssembly (181ms)
			ExecutionOrderSort (0ms)
			DisableScriptedObjects (8ms)
			BackupInstance (0ms)
			ReleaseScriptingObjects (0ms)
			CreateAndSetChildDomain (47ms)
		EndReloadAssembly (1714ms)
			LoadAssemblies (150ms)
			RebuildTransferFunctionScriptingTraits (0ms)
			SetupTypeCache (447ms)
			ReleaseScriptCaches (3ms)
			RebuildScriptCaches (136ms)
			SetupLoadedEditorAssemblies (792ms)
				LogAssemblyErrors (0ms)
				InitializePlatformSupportModulesInManaged (19ms)
				SetLoadedEditorAssemblies (1ms)
				RefreshPlugins (1ms)
				BeforeProcessingInitializeOnLoad (159ms)
				ProcessInitializeOnLoadAttributes (557ms)
				ProcessInitializeOnLoadMethodAttributes (30ms)
				AfterProcessingInitializeOnLoad (25ms)
				EditorAssembliesLoaded (0ms)
			ExecutionOrderSort2 (0ms)
			AwakeInstancesAfterBackupRestoration (4ms)
Platform modules already initialized, skipping
Refreshing native plugins compatible for Editor in 0.76 ms, found 2 plugins.
Preloading 0 native plugins for Editor in 0.00 ms.
Unloading 2671 Unused Serialized files (Serialized files now loaded: 0)
System memory in use before: 206.8 MB.
System memory in use after: 207.0 MB.

Unloading 17 unused Assets to reduce memory usage. Loaded Objects now: 3209.
Total: 7.259800 ms (FindLiveObjects: 0.461500 ms CreateObjectMapping: 1.799900 ms MarkObjects: 4.964400 ms  DeleteObjects: 0.032200 ms)

AssetImportParameters requested are different than current active one (requested -> active):
  custom:framework-win-MediaFoundation: 216162199b28c13a410421893ffa2e32 -> 
  custom:video-decoder-ogg-theora: a1e56fd34408186e4bbccfd4996cb3dc -> 
  custom:container-muxer-webm: aa71ff27fc2769a1b78a27578f13a17b -> 
  custom:container-demuxer-webm: 4f35f7cbe854078d1ac9338744f61a02 -> 
  custom:container-demuxer-ogg: 62fdf1f143b41e24485cea50d1cbac27 -> 
  custom:video-encoder-webm-vp8: eb34c28f22e8b96e1ab97ce403110664 -> 
  custom:video-decoder-webm-vp8: 9c59270c3fd7afecdb556c50c9e8de78 -> 
  custom:audio-decoder-ogg-vorbis: bf7c407c2cedff20999df2af8eb42d56 -> 
  custom:audio-encoder-webm-vorbis: bf7c407c2cedff20999df2af8eb42d56 -> 
========================================================================
Received Import Request.
  Time since last request: 1196.638912 seconds.
  path: Assets/3DGamekitLite/Prefabs/SceneControl
  artifactKey: Guid(b34dfd760481d6b4783d33c035bb410a) Importer(815301076,1909f56bfc062723c751e8b465ee728b)
Start importing Assets/3DGamekitLite/Prefabs/SceneControl using Guid(b34dfd760481d6b4783d33c035bb410a) Importer(815301076,1909f56bfc062723c751e8b465ee728b)  -> (artifact id: '7a7d77af8636210d406bc6d3cf2ea59f') in 0.018698 seconds 
========================================================================
Received Import Request.
  Time since last request: 8.500385 seconds.
  path: Assets/3DGamekitLite/Prefabs/VFX
  artifactKey: Guid(b226f8fcabeb3794aa9db764bbfca6d8) Importer(815301076,1909f56bfc062723c751e8b465ee728b)
Start importing Assets/3DGamekitLite/Prefabs/VFX using Guid(b226f8fcabeb3794aa9db764bbfca6d8) Importer(815301076,1909f56bfc062723c751e8b465ee728b)  -> (artifact id: 'a929e6599ad88a04f250bdf542255683') in 0.011634 seconds 
========================================================================
Received Import Request.
  Time since last request: 1.647680 seconds.
  path: Assets/3DGamekitLite/Prefabs/VFX/Characters
  artifactKey: Guid(5ef74ad13b59d6444b6a748f88e3ed80) Importer(815301076,1909f56bfc062723c751e8b465ee728b)
Start importing Assets/3DGamekitLite/Prefabs/VFX/Characters using Guid(5ef74ad13b59d6444b6a748f88e3ed80) Importer(815301076,1909f56bfc062723c751e8b465ee728b)  -> (artifact id: '214ddb32a4d640f546ad269e202b0f45') in 0.011232 seconds 
========================================================================
Received Import Request.
  Time since last request: 1.822779 seconds.
  path: Assets/3DGamekitLite/Prefabs/VFX/Characters/Enemies
  artifactKey: Guid(8b34075333a248042a84c7fe6987b00f) Importer(815301076,1909f56bfc062723c751e8b465ee728b)
Start importing Assets/3DGamekitLite/Prefabs/VFX/Characters/Enemies using Guid(8b34075333a248042a84c7fe6987b00f) Importer(815301076,1909f56bfc062723c751e8b465ee728b)  -> (artifact id: '8376d9c2667fe4f8dc800adb80c50087') in 0.009562 seconds 
========================================================================
Received Import Request.
  Time since last request: 0.708335 seconds.
  path: Assets/3DGamekitLite/Prefabs/VFX/Characters/Enemies/Spitter
  artifactKey: Guid(c077cc42fe746524298d16aeb90d96bd) Importer(815301076,1909f56bfc062723c751e8b465ee728b)
Start importing Assets/3DGamekitLite/Prefabs/VFX/Characters/Enemies/Spitter using Guid(c077cc42fe746524298d16aeb90d96bd) Importer(815301076,1909f56bfc062723c751e8b465ee728b)  -> (artifact id: 'c782d0e1db9424caf2394573040006bc') in 0.009681 seconds 
========================================================================
Received Import Request.
  Time since last request: 0.083991 seconds.
  path: Assets/3DGamekitLite/Prefabs/VFX/Characters/Enemies/Spitter/Spit.prefab
  artifactKey: Guid(294784d1e17ec8b45bed8a0790b0369b) Importer(815301076,1909f56bfc062723c751e8b465ee728b)
Start importing Assets/3DGamekitLite/Prefabs/VFX/Characters/Enemies/Spitter/Spit.prefab using Guid(294784d1e17ec8b45bed8a0790b0369b) Importer(815301076,1909f56bfc062723c751e8b465ee728b)  -> (artifact id: 'ccd7e60d123ef0a607e7ffe623d4c5f0') in 0.130320 seconds 
========================================================================
Received Import Request.
  Time since last request: 12.128322 seconds.
  path: Assets/3DGamekitLite/Localization
  artifactKey: Guid(4f2a3f99faa2ff14999228b393f9c36b) Importer(815301076,1909f56bfc062723c751e8b465ee728b)
Start importing Assets/3DGamekitLite/Localization using Guid(4f2a3f99faa2ff14999228b393f9c36b) Importer(815301076,1909f56bfc062723c751e8b465ee728b)  -> (artifact id: 'b531c925f109ddf23b235dc9bb480eb7') in 0.011952 seconds 
========================================================================
Received Import Request.
  Time since last request: 0.032505 seconds.
  path: Assets/3DGamekitLite/Localization/EnglishInformationPoints.asset
  artifactKey: Guid(899297ab1f956a94093157cb24051fb1) Importer(815301076,1909f56bfc062723c751e8b465ee728b)
Start importing Assets/3DGamekitLite/Localization/EnglishInformationPoints.asset using Guid(899297ab1f956a94093157cb24051fb1) Importer(815301076,1909f56bfc062723c751e8b465ee728b)  -> (artifact id: 'ae3bc1dab34797c189718dcdfa550f35') in 0.016947 seconds 
========================================================================
Received Import Request.
  Time since last request: 6.172476 seconds.
  path: Assets/3DGamekitLite/Art/Textures
  artifactKey: Guid(69d71122e7c72e246a07326c5c7b6937) Importer(815301076,1909f56bfc062723c751e8b465ee728b)
Start importing Assets/3DGamekitLite/Art/Textures using Guid(69d71122e7c72e246a07326c5c7b6937) Importer(815301076,1909f56bfc062723c751e8b465ee728b)  -> (artifact id: '170636d619049a7216e77f1598390ee6') in 0.011011 seconds 
========================================================================
Received Import Request.
  Time since last request: 1.945314 seconds.
  path: Assets/3DGamekitLite/Art/Textures/Environment
  artifactKey: Guid(1d0e4e16e2066c941a58ebb17c86d913) Importer(815301076,1909f56bfc062723c751e8b465ee728b)
Start importing Assets/3DGamekitLite/Art/Textures/Environment using Guid(1d0e4e16e2066c941a58ebb17c86d913) Importer(815301076,1909f56bfc062723c751e8b465ee728b)  -> (artifact id: 'f96f0f7ce4107d34268a1e0475951d80') in 0.011779 seconds 
========================================================================
Received Import Request.
  Time since last request: 0.044659 seconds.
  path: Assets/3DGamekitLite/Art/Textures/Environment/Cracks.tif
  artifactKey: Guid(5f15de87f870df74f88aae3eaa3ca31b) Importer(815301076,1909f56bfc062723c751e8b465ee728b)
Start importing Assets/3DGamekitLite/Art/Textures/Environment/Cracks.tif using Guid(5f15de87f870df74f88aae3eaa3ca31b) Importer(815301076,1909f56bfc062723c751e8b465ee728b)  -> (artifact id: '80fbbf79b79f46f698a9bb6538969054') in 0.056195 seconds 
========================================================================
Received Import Request.
  Time since last request: 0.000393 seconds.
  path: Assets/3DGamekitLite/Art/Textures/Environment/GridBox_Default.png
  artifactKey: Guid(7c25f65ce5c784942804f8adf3921645) Importer(815301076,1909f56bfc062723c751e8b465ee728b)
Start importing Assets/3DGamekitLite/Art/Textures/Environment/GridBox_Default.png using Guid(7c25f65ce5c784942804f8adf3921645) Importer(815301076,1909f56bfc062723c751e8b465ee728b)  -> (artifact id: 'ddc893d9dc7fec141cb6159487fa3e06') in 0.079104 seconds 
========================================================================
Received Import Request.
  Time since last request: 0.000251 seconds.
  path: Assets/3DGamekitLite/Art/Textures/Environment/GridBox_NoText.png
  artifactKey: Guid(f5b30585d8848424c82d7d82b50fa294) Importer(815301076,1909f56bfc062723c751e8b465ee728b)
Start importing Assets/3DGamekitLite/Art/Textures/Environment/GridBox_NoText.png using Guid(f5b30585d8848424c82d7d82b50fa294) Importer(815301076,1909f56bfc062723c751e8b465ee728b)  -> (artifact id: 'c7d67740640ebee7ad2f7ed34828a30b') in 0.027000 seconds 
========================================================================
Received Import Request.
  Time since last request: 7.278845 seconds.
  path: Assets/3DGamekitLite/Scripts
  artifactKey: Guid(01c6eded0ea297c488619dbdbc225fe7) Importer(815301076,1909f56bfc062723c751e8b465ee728b)
Start importing Assets/3DGamekitLite/Scripts using Guid(01c6eded0ea297c488619dbdbc225fe7) Importer(815301076,1909f56bfc062723c751e8b465ee728b)  -> (artifact id: '159740bc9cd6d84c6e7a4c15b43a2894') in 0.015361 seconds 
========================================================================
Received Import Request.
  Time since last request: 16.174080 seconds.
  path: Assets/3DGamekit/Prefabs/Interactables
  artifactKey: Guid(8c0dc9bcfe3c7864c8463c8159397a06) Importer(815301076,1909f56bfc062723c751e8b465ee728b)
Start importing Assets/3DGamekit/Prefabs/Interactables using Guid(8c0dc9bcfe3c7864c8463c8159397a06) Importer(815301076,1909f56bfc062723c751e8b465ee728b)  -> (artifact id: '4400ac87f5ab85932fe2550257fce73b') in 0.012383 seconds 
========================================================================
Received Import Request.
  Time since last request: 0.029820 seconds.
  path: Assets/3DGamekit/Prefabs/Interactables/WeaponPedestal.prefab
  artifactKey: Guid(85adcca5f35f38c46b713feae8b31784) Importer(815301076,1909f56bfc062723c751e8b465ee728b)
Start importing Assets/3DGamekit/Prefabs/Interactables/WeaponPedestal.prefab using Guid(85adcca5f35f38c46b713feae8b31784) Importer(815301076,1909f56bfc062723c751e8b465ee728b)  -> (artifact id: '8153a09c52360dc8853d37801d48a51b') in 0.125450 seconds 
========================================================================
Received Import Request.
  Time since last request: 2.519190 seconds.
  path: Assets/3DGamekit/Prefabs/VFX
  artifactKey: Guid(da5acb5287ae4c04fa1e4aae5adf8dfa) Importer(815301076,1909f56bfc062723c751e8b465ee728b)
Start importing Assets/3DGamekit/Prefabs/VFX using Guid(da5acb5287ae4c04fa1e4aae5adf8dfa) Importer(815301076,1909f56bfc062723c751e8b465ee728b)  -> (artifact id: '9dd7e6608f27347551c54314d18e4694') in 0.006412 seconds 
========================================================================
Received Import Request.
  Time since last request: 0.939012 seconds.
  path: Assets/3DGamekit/Prefabs/VFX/Characters
  artifactKey: Guid(152d8cccde7371a48b8498d64b8113e1) Importer(815301076,1909f56bfc062723c751e8b465ee728b)
Start importing Assets/3DGamekit/Prefabs/VFX/Characters using Guid(152d8cccde7371a48b8498d64b8113e1) Importer(815301076,1909f56bfc062723c751e8b465ee728b)  -> (artifact id: 'c1375ba22c848cdda6b111833e2b48f8') in 0.003523 seconds 
========================================================================
Received Import Request.
  Time since last request: 0.815487 seconds.
  path: Assets/3DGamekit/Prefabs/VFX/Characters/Enemies
  artifactKey: Guid(287644cdfef443648858194cbd08932a) Importer(815301076,1909f56bfc062723c751e8b465ee728b)
Start importing Assets/3DGamekit/Prefabs/VFX/Characters/Enemies using Guid(287644cdfef443648858194cbd08932a) Importer(815301076,1909f56bfc062723c751e8b465ee728b)  -> (artifact id: '9df81b5940e0655a1a036a5083323355') in 0.004559 seconds 
========================================================================
Received Import Request.
  Time since last request: 0.517541 seconds.
  path: Assets/3DGamekit/Prefabs/VFX/Characters/Enemies/Grenadier
  artifactKey: Guid(9414b6f45afecb743bbdc0d985c8375f) Importer(815301076,1909f56bfc062723c751e8b465ee728b)
Start importing Assets/3DGamekit/Prefabs/VFX/Characters/Enemies/Grenadier using Guid(9414b6f45afecb743bbdc0d985c8375f) Importer(815301076,1909f56bfc062723c751e8b465ee728b)  -> (artifact id: 'c516f16ffb72665f833edefe1785b2f2') in 0.011431 seconds 
========================================================================
Received Import Request.
  Time since last request: 0.036801 seconds.
  path: Assets/3DGamekit/Prefabs/VFX/Characters/Enemies/Grenadier/EnergyGrenade.prefab
  artifactKey: Guid(63f437980a23e8942913574c1dbb46ee) Importer(815301076,1909f56bfc062723c751e8b465ee728b)
Start importing Assets/3DGamekit/Prefabs/VFX/Characters/Enemies/Grenadier/EnergyGrenade.prefab using Guid(63f437980a23e8942913574c1dbb46ee) Importer(815301076,1909f56bfc062723c751e8b465ee728b)  -> (artifact id: 'c164debd904fce7b8d82cd4dd354fc69') in 0.168492 seconds 
========================================================================
Received Import Request.
  Time since last request: 0.000322 seconds.
  path: Assets/3DGamekit/Prefabs/VFX/Characters/Enemies/Grenadier/GrenadierGrenadeExplosion.prefab
  artifactKey: Guid(89e3e5a35c1a5aa4c8d41fa55f438def) Importer(815301076,1909f56bfc062723c751e8b465ee728b)
Start importing Assets/3DGamekit/Prefabs/VFX/Characters/Enemies/Grenadier/GrenadierGrenadeExplosion.prefab using Guid(89e3e5a35c1a5aa4c8d41fa55f438def) Importer(815301076,1909f56bfc062723c751e8b465ee728b)  -> (artifact id: '21724d8693319d635184a076ccb1dd89') in 0.052934 seconds 
========================================================================
Received Prepare
Registering precompiled user dll's ...
Registered in 0.008301 seconds.
Begin MonoManager ReloadAssembly
Native extension for WindowsStandalone target not found
Refreshing native plugins compatible for Editor in 2.06 ms, found 2 plugins.
Preloading 0 native plugins for Editor in 0.00 ms.
Mono: successfully reloaded assembly
- Completed reload, in  2.044 seconds
Domain Reload Profiling:
	ReloadAssembly (2045ms)
		BeginReloadAssembly (243ms)
			ExecutionOrderSort (0ms)
			DisableScriptedObjects (9ms)
			BackupInstance (0ms)
			ReleaseScriptingObjects (0ms)
			CreateAndSetChildDomain (71ms)
		EndReloadAssembly (1674ms)
			LoadAssemblies (227ms)
			RebuildTransferFunctionScriptingTraits (0ms)
			SetupTypeCache (449ms)
			ReleaseScriptCaches (2ms)
			RebuildScriptCaches (79ms)
			SetupLoadedEditorAssemblies (828ms)
				LogAssemblyErrors (0ms)
				InitializePlatformSupportModulesInManaged (8ms)
				SetLoadedEditorAssemblies (1ms)
				RefreshPlugins (2ms)
				BeforeProcessingInitializeOnLoad (200ms)
				ProcessInitializeOnLoadAttributes (570ms)
				ProcessInitializeOnLoadMethodAttributes (37ms)
				AfterProcessingInitializeOnLoad (9ms)
				EditorAssembliesLoaded (0ms)
			ExecutionOrderSort2 (0ms)
			AwakeInstancesAfterBackupRestoration (3ms)
Platform modules already initialized, skipping
Refreshing native plugins compatible for Editor in 0.72 ms, found 2 plugins.
Preloading 0 native plugins for Editor in 0.00 ms.
Unloading 2670 Unused Serialized files (Serialized files now loaded: 0)
System memory in use before: 206.8 MB.
System memory in use after: 207.0 MB.

Unloading 17 unused Assets to reduce memory usage. Loaded Objects now: 3216.
Total: 4.414300 ms (FindLiveObjects: 0.245400 ms CreateObjectMapping: 0.160100 ms MarkObjects: 3.973300 ms  DeleteObjects: 0.034100 ms)

AssetImportParameters requested are different than current active one (requested -> active):
  custom:framework-win-MediaFoundation: 216162199b28c13a410421893ffa2e32 -> 
  custom:video-decoder-ogg-theora: a1e56fd34408186e4bbccfd4996cb3dc -> 
  custom:container-muxer-webm: aa71ff27fc2769a1b78a27578f13a17b -> 
  custom:container-demuxer-webm: 4f35f7cbe854078d1ac9338744f61a02 -> 
  custom:container-demuxer-ogg: 62fdf1f143b41e24485cea50d1cbac27 -> 
  custom:video-encoder-webm-vp8: eb34c28f22e8b96e1ab97ce403110664 -> 
  custom:video-decoder-webm-vp8: 9c59270c3fd7afecdb556c50c9e8de78 -> 
  custom:audio-decoder-ogg-vorbis: bf7c407c2cedff20999df2af8eb42d56 -> 
  custom:audio-encoder-webm-vorbis: bf7c407c2cedff20999df2af8eb42d56 -> 
========================================================================
Received Prepare
Registering precompiled user dll's ...
Registered in 0.009167 seconds.
Begin MonoManager ReloadAssembly
Native extension for WindowsStandalone target not found
Refreshing native plugins compatible for Editor in 0.63 ms, found 2 plugins.
Preloading 0 native plugins for Editor in 0.00 ms.
Mono: successfully reloaded assembly
- Completed reload, in  1.479 seconds
Domain Reload Profiling:
	ReloadAssembly (1479ms)
		BeginReloadAssembly (166ms)
			ExecutionOrderSort (0ms)
			DisableScriptedObjects (8ms)
			BackupInstance (0ms)
			ReleaseScriptingObjects (0ms)
			CreateAndSetChildDomain (42ms)
		EndReloadAssembly (1238ms)
			LoadAssemblies (144ms)
			RebuildTransferFunctionScriptingTraits (0ms)
			SetupTypeCache (430ms)
			ReleaseScriptCaches (2ms)
			RebuildScriptCaches (80ms)
			SetupLoadedEditorAssemblies (470ms)
				LogAssemblyErrors (0ms)
				InitializePlatformSupportModulesInManaged (5ms)
				SetLoadedEditorAssemblies (1ms)
				RefreshPlugins (1ms)
				BeforeProcessingInitializeOnLoad (95ms)
				ProcessInitializeOnLoadAttributes (336ms)
				ProcessInitializeOnLoadMethodAttributes (24ms)
				AfterProcessingInitializeOnLoad (9ms)
				EditorAssembliesLoaded (0ms)
			ExecutionOrderSort2 (0ms)
			AwakeInstancesAfterBackupRestoration (3ms)
Platform modules already initialized, skipping
Refreshing native plugins compatible for Editor in 0.81 ms, found 2 plugins.
Preloading 0 native plugins for Editor in 0.00 ms.
Unloading 2670 Unused Serialized files (Serialized files now loaded: 0)
System memory in use before: 206.8 MB.
System memory in use after: 207.0 MB.

Unloading 17 unused Assets to reduce memory usage. Loaded Objects now: 3219.
Total: 4.484300 ms (FindLiveObjects: 0.335800 ms CreateObjectMapping: 0.255000 ms MarkObjects: 3.846600 ms  DeleteObjects: 0.045500 ms)

AssetImportParameters requested are different than current active one (requested -> active):
  custom:framework-win-MediaFoundation: 216162199b28c13a410421893ffa2e32 -> 
  custom:video-decoder-ogg-theora: a1e56fd34408186e4bbccfd4996cb3dc -> 
  custom:container-muxer-webm: aa71ff27fc2769a1b78a27578f13a17b -> 
  custom:container-demuxer-webm: 4f35f7cbe854078d1ac9338744f61a02 -> 
  custom:container-demuxer-ogg: 62fdf1f143b41e24485cea50d1cbac27 -> 
  custom:video-encoder-webm-vp8: eb34c28f22e8b96e1ab97ce403110664 -> 
  custom:video-decoder-webm-vp8: 9c59270c3fd7afecdb556c50c9e8de78 -> 
  custom:audio-decoder-ogg-vorbis: bf7c407c2cedff20999df2af8eb42d56 -> 
  custom:audio-encoder-webm-vorbis: bf7c407c2cedff20999df2af8eb42d56 -> 
========================================================================
Received Import Request.
  Time since last request: 696.060263 seconds.
  path: Assets/3DGamekitLite/Prefabs/UIPrefabs
  artifactKey: Guid(77c866576619f784e8ee9165ec160249) Importer(815301076,1909f56bfc062723c751e8b465ee728b)
Start importing Assets/3DGamekitLite/Prefabs/UIPrefabs using Guid(77c866576619f784e8ee9165ec160249) Importer(815301076,1909f56bfc062723c751e8b465ee728b)  -> (artifact id: '3776c482b81570530a957a7b6f59ca6e') in 0.014869 seconds 
========================================================================
Received Prepare
Registering precompiled user dll's ...
Registered in 0.009902 seconds.
Begin MonoManager ReloadAssembly
Native extension for WindowsStandalone target not found
Refreshing native plugins compatible for Editor in 0.68 ms, found 2 plugins.
Preloading 0 native plugins for Editor in 0.00 ms.
Mono: successfully reloaded assembly
- Completed reload, in  1.404 seconds
Domain Reload Profiling:
	ReloadAssembly (1405ms)
		BeginReloadAssembly (168ms)
			ExecutionOrderSort (0ms)
			DisableScriptedObjects (9ms)
			BackupInstance (0ms)
			ReleaseScriptingObjects (0ms)
			CreateAndSetChildDomain (44ms)
		EndReloadAssembly (1159ms)
			LoadAssemblies (144ms)
			RebuildTransferFunctionScriptingTraits (0ms)
			SetupTypeCache (373ms)
			ReleaseScriptCaches (2ms)
			RebuildScriptCaches (79ms)
			SetupLoadedEditorAssemblies (464ms)
				LogAssemblyErrors (0ms)
				InitializePlatformSupportModulesInManaged (6ms)
				SetLoadedEditorAssemblies (1ms)
				RefreshPlugins (1ms)
				BeforeProcessingInitializeOnLoad (93ms)
				ProcessInitializeOnLoadAttributes (334ms)
				ProcessInitializeOnLoadMethodAttributes (21ms)
				AfterProcessingInitializeOnLoad (9ms)
				EditorAssembliesLoaded (0ms)
			ExecutionOrderSort2 (0ms)
			AwakeInstancesAfterBackupRestoration (3ms)
Platform modules already initialized, skipping
Refreshing native plugins compatible for Editor in 0.65 ms, found 2 plugins.
Preloading 0 native plugins for Editor in 0.00 ms.
Unloading 2670 Unused Serialized files (Serialized files now loaded: 0)
System memory in use before: 206.8 MB.
System memory in use after: 207.0 MB.

Unloading 17 unused Assets to reduce memory usage. Loaded Objects now: 3222.
Total: 3.418300 ms (FindLiveObjects: 0.273600 ms CreateObjectMapping: 0.161300 ms MarkObjects: 2.935500 ms  DeleteObjects: 0.046700 ms)

AssetImportParameters requested are different than current active one (requested -> active):
  custom:framework-win-MediaFoundation: 216162199b28c13a410421893ffa2e32 -> 
  custom:video-decoder-ogg-theora: a1e56fd34408186e4bbccfd4996cb3dc -> 
  custom:container-muxer-webm: aa71ff27fc2769a1b78a27578f13a17b -> 
  custom:container-demuxer-webm: 4f35f7cbe854078d1ac9338744f61a02 -> 
  custom:container-demuxer-ogg: 62fdf1f143b41e24485cea50d1cbac27 -> 
  custom:video-encoder-webm-vp8: eb34c28f22e8b96e1ab97ce403110664 -> 
  custom:video-decoder-webm-vp8: 9c59270c3fd7afecdb556c50c9e8de78 -> 
  custom:audio-decoder-ogg-vorbis: bf7c407c2cedff20999df2af8eb42d56 -> 
  custom:audio-encoder-webm-vorbis: bf7c407c2cedff20999df2af8eb42d56 -> 
========================================================================
Received Prepare
Registering precompiled user dll's ...
Registered in 0.059371 seconds.
Begin MonoManager ReloadAssembly
Native extension for WindowsStandalone target not found
Refreshing native plugins compatible for Editor in 0.70 ms, found 2 plugins.
Preloading 0 native plugins for Editor in 0.00 ms.
Mono: successfully reloaded assembly
- Completed reload, in  1.525 seconds
Domain Reload Profiling:
	ReloadAssembly (1527ms)
		BeginReloadAssembly (252ms)
			ExecutionOrderSort (0ms)
			DisableScriptedObjects (13ms)
			BackupInstance (0ms)
			ReleaseScriptingObjects (0ms)
			CreateAndSetChildDomain (93ms)
		EndReloadAssembly (1189ms)
			LoadAssemblies (165ms)
			RebuildTransferFunctionScriptingTraits (0ms)
			SetupTypeCache (392ms)
			ReleaseScriptCaches (2ms)
			RebuildScriptCaches (78ms)
			SetupLoadedEditorAssemblies (462ms)
				LogAssemblyErrors (0ms)
				InitializePlatformSupportModulesInManaged (5ms)
				SetLoadedEditorAssemblies (1ms)
				RefreshPlugins (1ms)
				BeforeProcessingInitializeOnLoad (98ms)
				ProcessInitializeOnLoadAttributes (328ms)
				ProcessInitializeOnLoadMethodAttributes (21ms)
				AfterProcessingInitializeOnLoad (9ms)
				EditorAssembliesLoaded (0ms)
			ExecutionOrderSort2 (0ms)
			AwakeInstancesAfterBackupRestoration (2ms)
Platform modules already initialized, skipping
Refreshing native plugins compatible for Editor in 0.66 ms, found 2 plugins.
Preloading 0 native plugins for Editor in 0.00 ms.
Unloading 2670 Unused Serialized files (Serialized files now loaded: 0)
System memory in use before: 206.8 MB.
System memory in use after: 207.0 MB.

Unloading 17 unused Assets to reduce memory usage. Loaded Objects now: 3225.
Total: 3.672100 ms (FindLiveObjects: 0.234400 ms CreateObjectMapping: 0.148500 ms MarkObjects: 3.257900 ms  DeleteObjects: 0.030000 ms)

AssetImportParameters requested are different than current active one (requested -> active):
  custom:framework-win-MediaFoundation: 216162199b28c13a410421893ffa2e32 -> 
  custom:video-decoder-ogg-theora: a1e56fd34408186e4bbccfd4996cb3dc -> 
  custom:container-muxer-webm: aa71ff27fc2769a1b78a27578f13a17b -> 
  custom:container-demuxer-webm: 4f35f7cbe854078d1ac9338744f61a02 -> 
  custom:container-demuxer-ogg: 62fdf1f143b41e24485cea50d1cbac27 -> 
  custom:video-encoder-webm-vp8: eb34c28f22e8b96e1ab97ce403110664 -> 
  custom:video-decoder-webm-vp8: 9c59270c3fd7afecdb556c50c9e8de78 -> 
  custom:audio-decoder-ogg-vorbis: bf7c407c2cedff20999df2af8eb42d56 -> 
  custom:audio-encoder-webm-vorbis: bf7c407c2cedff20999df2af8eb42d56 -> 
